<?xml version="1.0" encoding="UTF-8"?>
<!-- Generated by org.testng.reporters.JUnitXMLReporter -->
<testsuite ignored="0" hostname="DESKTOP-KGUM230" failures="0" tests="4" name="Test" time="0.579" errors="0" timestamp="2023-01-05T12:52:21 IST">
  <testcase classname="testNG.TestBaseClass" name="@BeforeMethod setup" time="-1.672903340326E9">
    <failure type="org.testng.TestNGException" message="
Parameter &amp;apos;browserName&amp;apos; is required by BeforeMethod on method setup but has not been marked @Optional or defined
in C:\Users\Net Comm22\eclipse-workspace\Velocity\testng.xml">
      <![CDATA[org.testng.TestNGException: 
Parameter 'browserName' is required by BeforeMethod on method setup but has not been marked @Optional or defined
in C:\Users\Net Comm22\eclipse-workspace\Velocity\testng.xml
at java.base/java.util.ArrayList.forEach(ArrayList.java:1511)
... Removed 28 stack frames]]>
    </failure>
  </testcase> <!-- @BeforeMethod setup -->
  <testcase classname="testNG.TestBaseClass" name="@AfterMethod tearDown" time="-1.672903340414E9">
    <skipped/>
  </testcase> <!-- @AfterMethod tearDown -->
  <testcase classname="testNG.TestBaseClass" name="@BeforeMethod setup" time="-1.672903340519E9">
    <failure type="org.testng.TestNGException" message="
Parameter &amp;apos;browserName&amp;apos; is required by BeforeMethod on method setup but has not been marked @Optional or defined
in C:\Users\Net Comm22\eclipse-workspace\Velocity\testng.xml">
      <![CDATA[org.testng.TestNGException: 
Parameter 'browserName' is required by BeforeMethod on method setup but has not been marked @Optional or defined
in C:\Users\Net Comm22\eclipse-workspace\Velocity\testng.xml
at java.base/java.util.ArrayList.forEach(ArrayList.java:1511)
... Removed 28 stack frames]]>
    </failure>
  </testcase> <!-- @BeforeMethod setup -->
  <testcase classname="testNG.TestBaseClass" name="@AfterMethod tearDown" time="-1.672903340593E9">
    <skipped/>
  </testcase> <!-- @AfterMethod tearDown -->
  <testcase classname="testNG.TestBaseClass" name="@BeforeMethod setup" time="-1.672903340601E9">
    <failure type="org.testng.TestNGException" message="
Parameter &amp;apos;browserName&amp;apos; is required by BeforeMethod on method setup but has not been marked @Optional or defined
in C:\Users\Net Comm22\eclipse-workspace\Velocity\testng.xml">
      <![CDATA[org.testng.TestNGException: 
Parameter 'browserName' is required by BeforeMethod on method setup but has not been marked @Optional or defined
in C:\Users\Net Comm22\eclipse-workspace\Velocity\testng.xml
at java.base/java.util.ArrayList.forEach(ArrayList.java:1511)
... Removed 28 stack frames]]>
    </failure>
  </testcase> <!-- @BeforeMethod setup -->
  <testcase classname="testNG.TestBaseClass" name="@AfterMethod tearDown" time="-1.672903340686E9">
    <skipped/>
  </testcase> <!-- @AfterMethod tearDown -->
  <testcase classname="testNG.TestBaseClass" name="@BeforeMethod setup" time="-1.672903340704E9">
    <failure type="org.testng.TestNGException" message="
Parameter &amp;apos;browserName&amp;apos; is required by BeforeMethod on method setup but has not been marked @Optional or defined
in C:\Users\Net Comm22\eclipse-workspace\Velocity\testng.xml">
      <![CDATA[org.testng.TestNGException: 
Parameter 'browserName' is required by BeforeMethod on method setup but has not been marked @Optional or defined
in C:\Users\Net Comm22\eclipse-workspace\Velocity\testng.xml
at java.base/java.util.ArrayList.forEach(ArrayList.java:1511)
... Removed 28 stack frames]]>
    </failure>
  </testcase> <!-- @BeforeMethod setup -->
  <testcase classname="testNG.TestBaseClass" name="@AfterMethod tearDown" time="-1.672903340773E9">
    <skipped/>
  </testcase> <!-- @AfterMethod tearDown -->
  <testcase classname="testNG.Verify_Login_Functionality" name="VerifyLoginFunctionality" time="0.0">
    <skipped/>
  </testcase> <!-- VerifyLoginFunctionality -->
  <testcase classname="testNG.Verify_AllProduct_AddToCart_Functionality" name="addtocartallproductfunctionality" time="0.0">
    <skipped/>
  </testcase> <!-- addtocartallproductfunctionality -->
  <testcase classname="testNG.Verify_Singlebag_product_add_to_cart" name="Verify_bag_product_add_to_cart" time="0.0">
    <skipped/>
  </testcase> <!-- Verify_bag_product_add_to_cart -->
  <testcase classname="testNG.Verify_Logout_Functionality" name="VerifyLogOutFunctionality" time="0.0">
    <skipped/>
  </testcase> <!-- VerifyLogOutFunctionality -->
</testsuite> <!-- Test -->
