<!DOCTYPE html PUBLIC "-//W3C//DTD XHTML 1.1//EN" "https://www.w3.org/TR/xhtml11/DTD/xhtml11.dtd">
<html xmlns="https://www.w3.org/1999/xhtml">
<head>
<meta http-equiv="content-type" content="text/html; charset=UTF-8"/>
<title>TestNG Report</title>
<style type="text/css">table {margin-bottom:10px;border-collapse:collapse;empty-cells:show}th,td {border:1px solid #009;padding:.25em .5em}th {vertical-align:bottom}td {vertical-align:top}table a {font-weight:bold}.stripe td {background-color: #E6EBF9}.num {text-align:right}.passedodd td {background-color: #3F3}.passedeven td {background-color: #0A0}.skippedodd td {background-color: #DDD}.skippedeven td {background-color: #CCC}.failedodd td,.attn {background-color: #F33}.failedeven td,.stripe .attn {background-color: #D00}.stacktrace {white-space:pre;font-family:monospace}.totop {font-size:85%;text-align:center;border-bottom:2px solid #000}.invisible {display:none}</style>
</head>
<body>
<table>
<tr><th>Test</th><th># Passed</th><th># Skipped</th><th># Retried</th><th># Failed</th><th>Time (ms)</th><th>Included Groups</th><th>Excluded Groups</th></tr>
<tr><th colspan="8">Suite</th></tr>
<tr><td><a href="#t0">Test</a></td><td class="num">0</td><td class="num attn">4</td><td class="num">0</td><td class="num">0</td><td class="num">579</td><td></td><td></td></tr>
</table>
<table id='summary'><thead><tr><th>Class</th><th>Method</th><th>Start</th><th>Time (ms)</th></tr></thead><tbody><tr><th colspan="4">Suite</th></tr></tbody><tbody id="t0"><tr><th colspan="4">Test &#8212; failed (configuration methods)</th></tr><tr class="failedeven"><td rowspan="1">testNG.Verify_AllProduct_AddToCart_Functionality</td><td><a href="#m0">setup</a></td><td rowspan="1">1672903340519</td><td rowspan="1">-1672903340519</td></tr><tr class="failedodd"><td rowspan="1">testNG.Verify_Login_Functionality</td><td><a href="#m1">setup</a></td><td rowspan="1">1672903340326</td><td rowspan="1">-1672903340326</td></tr><tr class="failedeven"><td rowspan="1">testNG.Verify_Logout_Functionality</td><td><a href="#m2">setup</a></td><td rowspan="1">1672903340704</td><td rowspan="1">-1672903340704</td></tr><tr class="failedodd"><td rowspan="1">testNG.Verify_Singlebag_product_add_to_cart</td><td><a href="#m3">setup</a></td><td rowspan="1">1672903340601</td><td rowspan="1">-1672903340601</td></tr><tr><th colspan="4">Test &#8212; skipped (configuration methods)</th></tr><tr class="skippedeven"><td rowspan="1">testNG.Verify_AllProduct_AddToCart_Functionality</td><td><a href="#m4">tearDown</a></td><td rowspan="1">1672903340593</td><td rowspan="1">-1672903340593</td></tr><tr class="skippedodd"><td rowspan="1">testNG.Verify_Login_Functionality</td><td><a href="#m5">tearDown</a></td><td rowspan="1">1672903340414</td><td rowspan="1">-1672903340414</td></tr><tr class="skippedeven"><td rowspan="1">testNG.Verify_Logout_Functionality</td><td><a href="#m6">tearDown</a></td><td rowspan="1">1672903340773</td><td rowspan="1">-1672903340773</td></tr><tr class="skippedodd"><td rowspan="1">testNG.Verify_Singlebag_product_add_to_cart</td><td><a href="#m7">tearDown</a></td><td rowspan="1">1672903340686</td><td rowspan="1">-1672903340686</td></tr><tr><th colspan="4">Test &#8212; skipped</th></tr><tr class="skippedeven"><td rowspan="1">testNG.Verify_AllProduct_AddToCart_Functionality</td><td><a href="#m8">addtocartallproductfunctionality</a></td><td rowspan="1">1672903340551</td><td rowspan="1">0</td></tr><tr class="skippedodd"><td rowspan="1">testNG.Verify_Login_Functionality</td><td><a href="#m9">VerifyLoginFunctionality</a></td><td rowspan="1">1672903340368</td><td rowspan="1">0</td></tr><tr class="skippedeven"><td rowspan="1">testNG.Verify_Logout_Functionality</td><td><a href="#m10">VerifyLogOutFunctionality</a></td><td rowspan="1">1672903340713</td><td rowspan="1">0</td></tr><tr class="skippedodd"><td rowspan="1">testNG.Verify_Singlebag_product_add_to_cart</td><td><a href="#m11">Verify_bag_product_add_to_cart</a></td><td rowspan="1">1672903340618</td><td rowspan="1">0</td></tr></tbody>
</table>
<h2>Test</h2><h3 id="m0">testNG.Verify_AllProduct_AddToCart_Functionality#setup</h3><table class="result"><tr><th>Exception</th></tr><tr><td><div class="stacktrace">org.testng.TestNGException: 
Parameter &apos;browserName&apos; is required by BeforeMethod on method setup but has not been marked @Optional or defined
in C:\Users\Net Comm22\eclipse-workspace\Velocity\testng.xml
	at java.base/java.util.ArrayList.forEach(ArrayList.java:1511)
... Removed 28 stack frames</div></td></tr></table><p class="totop"><a href="#summary">back to summary</a></p>
<h3 id="m1">testNG.Verify_Login_Functionality#setup</h3><table class="result"><tr><th>Exception</th></tr><tr><td><div class="stacktrace">org.testng.TestNGException: 
Parameter &apos;browserName&apos; is required by BeforeMethod on method setup but has not been marked @Optional or defined
in C:\Users\Net Comm22\eclipse-workspace\Velocity\testng.xml
	at java.base/java.util.ArrayList.forEach(ArrayList.java:1511)
... Removed 28 stack frames</div></td></tr></table><p class="totop"><a href="#summary">back to summary</a></p>
<h3 id="m2">testNG.Verify_Logout_Functionality#setup</h3><table class="result"><tr><th>Exception</th></tr><tr><td><div class="stacktrace">org.testng.TestNGException: 
Parameter &apos;browserName&apos; is required by BeforeMethod on method setup but has not been marked @Optional or defined
in C:\Users\Net Comm22\eclipse-workspace\Velocity\testng.xml
	at java.base/java.util.ArrayList.forEach(ArrayList.java:1511)
... Removed 28 stack frames</div></td></tr></table><p class="totop"><a href="#summary">back to summary</a></p>
<h3 id="m3">testNG.Verify_Singlebag_product_add_to_cart#setup</h3><table class="result"><tr><th>Exception</th></tr><tr><td><div class="stacktrace">org.testng.TestNGException: 
Parameter &apos;browserName&apos; is required by BeforeMethod on method setup but has not been marked @Optional or defined
in C:\Users\Net Comm22\eclipse-workspace\Velocity\testng.xml
	at java.base/java.util.ArrayList.forEach(ArrayList.java:1511)
... Removed 28 stack frames</div></td></tr></table><p class="totop"><a href="#summary">back to summary</a></p>
<h3 id="m4">testNG.Verify_AllProduct_AddToCart_Functionality#tearDown</h3><table class="result"><tr><th class="invisible"/></tr></table><p class="totop"><a href="#summary">back to summary</a></p>
<h3 id="m5">testNG.Verify_Login_Functionality#tearDown</h3><table class="result"><tr><th class="invisible"/></tr></table><p class="totop"><a href="#summary">back to summary</a></p>
<h3 id="m6">testNG.Verify_Logout_Functionality#tearDown</h3><table class="result"><tr><th class="invisible"/></tr></table><p class="totop"><a href="#summary">back to summary</a></p>
<h3 id="m7">testNG.Verify_Singlebag_product_add_to_cart#tearDown</h3><table class="result"><tr><th class="invisible"/></tr></table><p class="totop"><a href="#summary">back to summary</a></p>
<h3 id="m8">testNG.Verify_AllProduct_AddToCart_Functionality#addtocartallproductfunctionality</h3><table class="result"><tr><th>Exception</th></tr><tr><td><div class="stacktrace">org.testng.TestNGException: 
Parameter &apos;browserName&apos; is required by BeforeMethod on method setup but has not been marked @Optional or defined
in C:\Users\Net Comm22\eclipse-workspace\Velocity\testng.xml
	at java.base/java.util.ArrayList.forEach(ArrayList.java:1511)
... Removed 28 stack frames</div></td></tr></table><p class="totop"><a href="#summary">back to summary</a></p>
<h3 id="m9">testNG.Verify_Login_Functionality#VerifyLoginFunctionality</h3><table class="result"><tr><th>Exception</th></tr><tr><td><div class="stacktrace">org.testng.TestNGException: 
Parameter &apos;browserName&apos; is required by BeforeMethod on method setup but has not been marked @Optional or defined
in C:\Users\Net Comm22\eclipse-workspace\Velocity\testng.xml
	at java.base/java.util.ArrayList.forEach(ArrayList.java:1511)
... Removed 28 stack frames</div></td></tr></table><p class="totop"><a href="#summary">back to summary</a></p>
<h3 id="m10">testNG.Verify_Logout_Functionality#VerifyLogOutFunctionality</h3><table class="result"><tr><th>Exception</th></tr><tr><td><div class="stacktrace">org.testng.TestNGException: 
Parameter &apos;browserName&apos; is required by BeforeMethod on method setup but has not been marked @Optional or defined
in C:\Users\Net Comm22\eclipse-workspace\Velocity\testng.xml
	at java.base/java.util.ArrayList.forEach(ArrayList.java:1511)
... Removed 28 stack frames</div></td></tr></table><p class="totop"><a href="#summary">back to summary</a></p>
<h3 id="m11">testNG.Verify_Singlebag_product_add_to_cart#Verify_bag_product_add_to_cart</h3><table class="result"><tr><th>Exception</th></tr><tr><td><div class="stacktrace">org.testng.TestNGException: 
Parameter &apos;browserName&apos; is required by BeforeMethod on method setup but has not been marked @Optional or defined
in C:\Users\Net Comm22\eclipse-workspace\Velocity\testng.xml
	at java.base/java.util.ArrayList.forEach(ArrayList.java:1511)
... Removed 28 stack frames</div></td></tr></table><p class="totop"><a href="#summary">back to summary</a></p>
</body>
</html>
