<?xml version="1.0" encoding="UTF-8"?>
<!-- Generated by org.testng.reporters.JUnitXMLReporter -->
<testsuite ignored="0" hostname="DESKTOP-KGUM230" failures="0" tests="2" name="HighPriorityTest" time="15.945" errors="0" timestamp="2022-12-29T11:34:48 IST">
  <testcase classname="testNG.TestBaseClass" name="@BeforeMethod setup" time="-1.672293888787E9">
    <failure type="org.testng.TestNGException" message="
Parameter &amp;apos;browserName&amp;apos; is required by BeforeMethod on method setup but has not been marked @Optional or defined
in C:\Users\Net Comm22\eclipse-workspace\Velocity\sanitySuite.xml">
      <![CDATA[org.testng.TestNGException: 
Parameter 'browserName' is required by BeforeMethod on method setup but has not been marked @Optional or defined
in C:\Users\Net Comm22\eclipse-workspace\Velocity\sanitySuite.xml
at java.base/java.util.ArrayList.forEach(ArrayList.java:1511)
... Removed 28 stack frames]]>
    </failure>
  </testcase> <!-- @BeforeMethod setup -->
  <testcase classname="testNG.TestBaseClass" name="@AfterMethod tearDown" time="-1.672293888836E9">
    <skipped/>
  </testcase> <!-- @AfterMethod tearDown -->
  <testcase classname="testNG.Test_Class_login_functionality" name="login_functionality" time="15.681"/>
  <testcase classname="testNG.TestNGAdd_To_Cart_functionality" name="verifybagprodutAddtocartfunctionaliy" time="0.0">
    <skipped/>
  </testcase> <!-- verifybagprodutAddtocartfunctionaliy -->
</testsuite> <!-- HighPriorityTest -->
