<?xml version="1.0" encoding="UTF-8"?>
<!-- Generated by org.testng.reporters.JUnitXMLReporter -->
<testsuite ignored="0" hostname="DESKTOP-KGUM230" failures="0" tests="2" name="LowPriorityTest" time="0.25" errors="0" timestamp="2022-12-29T11:34:49 IST">
  <testcase classname="testNG.TestBaseClass" name="@BeforeMethod setup" time="-1.67229388902E9">
    <failure type="org.testng.TestNGException" message="
Parameter &amp;apos;browserName&amp;apos; is required by BeforeMethod on method setup but has not been marked @Optional or defined
in C:\Users\Net Comm22\eclipse-workspace\Velocity\sanitySuite.xml">
      <![CDATA[org.testng.TestNGException: 
Parameter 'browserName' is required by BeforeMethod on method setup but has not been marked @Optional or defined
in C:\Users\Net Comm22\eclipse-workspace\Velocity\sanitySuite.xml
at java.base/java.util.ArrayList.forEach(ArrayList.java:1511)
... Removed 28 stack frames]]>
    </failure>
  </testcase> <!-- @BeforeMethod setup -->
  <testcase classname="testNG.TestBaseClass" name="@AfterMethod tearDown" time="-1.672293889059E9">
    <skipped/>
  </testcase> <!-- @AfterMethod tearDown -->
  <testcase classname="testNG.TestBaseClass" name="@BeforeMethod setup" time="-1.672293889069E9">
    <failure type="org.testng.TestNGException" message="
Parameter &amp;apos;browserName&amp;apos; is required by BeforeMethod on method setup but has not been marked @Optional or defined
in C:\Users\Net Comm22\eclipse-workspace\Velocity\sanitySuite.xml">
      <![CDATA[org.testng.TestNGException: 
Parameter 'browserName' is required by BeforeMethod on method setup but has not been marked @Optional or defined
in C:\Users\Net Comm22\eclipse-workspace\Velocity\sanitySuite.xml
at java.base/java.util.ArrayList.forEach(ArrayList.java:1511)
... Removed 28 stack frames]]>
    </failure>
  </testcase> <!-- @BeforeMethod setup -->
  <testcase classname="testNG.TestBaseClass" name="@AfterMethod tearDown" time="-1.672293889245E9">
    <skipped/>
  </testcase> <!-- @AfterMethod tearDown -->
  <testcase classname="testNG.TestNGAllProduct_Add_to_card" name="verifyAllProdcutAddTocartFunctionality" time="0.0">
    <skipped/>
  </testcase> <!-- verifyAllProdcutAddTocartFunctionality -->
  <testcase classname="testNG.TestNG__Verify_Logout_fun" name="verifylogoutfun" time="0.0">
    <skipped/>
  </testcase> <!-- verifylogoutfun -->
</testsuite> <!-- LowPriorityTest -->
